Determining if the pthread_create exist failed with the following output:
Change Dir: /home/name-not-found/Dokumente/Bachelorarbeit/Modelcar-111/catkin_ws_user/build/fub_visual_gps/CMakeFiles/CMakeTmp

Run Build Command:"/usr/bin/make" "cmTC_11820/fast"
/usr/bin/make -f CMakeFiles/cmTC_11820.dir/build.make CMakeFiles/cmTC_11820.dir/build
make[1]: Entering directory '/home/name-not-found/Dokumente/Bachelorarbeit/Modelcar-111/catkin_ws_user/build/fub_visual_gps/CMakeFiles/CMakeTmp'
Building C object CMakeFiles/cmTC_11820.dir/CheckSymbolExists.c.o
/usr/bin/cc     -o CMakeFiles/cmTC_11820.dir/CheckSymbolExists.c.o   -c /home/name-not-found/Dokumente/Bachelorarbeit/Modelcar-111/catkin_ws_user/build/fub_visual_gps/CMakeFiles/CMakeTmp/CheckSymbolExists.c
Linking C executable cmTC_11820
/usr/bin/cmake -E cmake_link_script CMakeFiles/cmTC_11820.dir/link.txt --verbose=1
/usr/bin/cc       CMakeFiles/cmTC_11820.dir/CheckSymbolExists.c.o  -o cmTC_11820 -rdynamic 
CMakeFiles/cmTC_11820.dir/CheckSymbolExists.c.o: In function `main':
CheckSymbolExists.c:(.text+0x16): undefined reference to `pthread_create'
collect2: error: ld returned 1 exit status
CMakeFiles/cmTC_11820.dir/build.make:97: recipe for target 'cmTC_11820' failed
make[1]: *** [cmTC_11820] Error 1
make[1]: Leaving directory '/home/name-not-found/Dokumente/Bachelorarbeit/Modelcar-111/catkin_ws_user/build/fub_visual_gps/CMakeFiles/CMakeTmp'
Makefile:126: recipe for target 'cmTC_11820/fast' failed
make: *** [cmTC_11820/fast] Error 2

File /home/name-not-found/Dokumente/Bachelorarbeit/Modelcar-111/catkin_ws_user/build/fub_visual_gps/CMakeFiles/CMakeTmp/CheckSymbolExists.c:
/* */
#include <pthread.h>

int main(int argc, char** argv)
{
  (void)argv;
#ifndef pthread_create
  return ((int*)(&pthread_create))[argc];
#else
  (void)argc;
  return 0;
#endif
}

Determining if the function pthread_create exists in the pthreads failed with the following output:
Change Dir: /home/name-not-found/Dokumente/Bachelorarbeit/Modelcar-111/catkin_ws_user/build/fub_visual_gps/CMakeFiles/CMakeTmp

Run Build Command:"/usr/bin/make" "cmTC_e9c83/fast"
/usr/bin/make -f CMakeFiles/cmTC_e9c83.dir/build.make CMakeFiles/cmTC_e9c83.dir/build
make[1]: Entering directory '/home/name-not-found/Dokumente/Bachelorarbeit/Modelcar-111/catkin_ws_user/build/fub_visual_gps/CMakeFiles/CMakeTmp'
Building C object CMakeFiles/cmTC_e9c83.dir/CheckFunctionExists.c.o
/usr/bin/cc    -DCHECK_FUNCTION_EXISTS=pthread_create   -o CMakeFiles/cmTC_e9c83.dir/CheckFunctionExists.c.o   -c /usr/share/cmake-3.5/Modules/CheckFunctionExists.c
Linking C executable cmTC_e9c83
/usr/bin/cmake -E cmake_link_script CMakeFiles/cmTC_e9c83.dir/link.txt --verbose=1
/usr/bin/cc   -DCHECK_FUNCTION_EXISTS=pthread_create    CMakeFiles/cmTC_e9c83.dir/CheckFunctionExists.c.o  -o cmTC_e9c83 -rdynamic -lpthreads 
/usr/bin/ld: cannot find -lpthreads
collect2: error: ld returned 1 exit status
CMakeFiles/cmTC_e9c83.dir/build.make:97: recipe for target 'cmTC_e9c83' failed
make[1]: *** [cmTC_e9c83] Error 1
make[1]: Leaving directory '/home/name-not-found/Dokumente/Bachelorarbeit/Modelcar-111/catkin_ws_user/build/fub_visual_gps/CMakeFiles/CMakeTmp'
Makefile:126: recipe for target 'cmTC_e9c83/fast' failed
make: *** [cmTC_e9c83/fast] Error 2


