Determining if the pthread_create exist failed with the following output:
Change Dir: /home/name-not-found/Dokumente/Bachelorarbeit/Modelcar-111/catkin_ws_user/build/rrt_star/CMakeFiles/CMakeTmp

Run Build Command:"/usr/bin/make" "cmTC_92d26/fast"
/usr/bin/make -f CMakeFiles/cmTC_92d26.dir/build.make CMakeFiles/cmTC_92d26.dir/build
make[1]: Entering directory '/home/name-not-found/Dokumente/Bachelorarbeit/Modelcar-111/catkin_ws_user/build/rrt_star/CMakeFiles/CMakeTmp'
Building C object CMakeFiles/cmTC_92d26.dir/CheckSymbolExists.c.o
/usr/bin/cc     -o CMakeFiles/cmTC_92d26.dir/CheckSymbolExists.c.o   -c /home/name-not-found/Dokumente/Bachelorarbeit/Modelcar-111/catkin_ws_user/build/rrt_star/CMakeFiles/CMakeTmp/CheckSymbolExists.c
Linking C executable cmTC_92d26
/usr/bin/cmake -E cmake_link_script CMakeFiles/cmTC_92d26.dir/link.txt --verbose=1
/usr/bin/cc       CMakeFiles/cmTC_92d26.dir/CheckSymbolExists.c.o  -o cmTC_92d26 -rdynamic 
CMakeFiles/cmTC_92d26.dir/CheckSymbolExists.c.o: In function `main':
CheckSymbolExists.c:(.text+0x16): undefined reference to `pthread_create'
collect2: error: ld returned 1 exit status
CMakeFiles/cmTC_92d26.dir/build.make:97: recipe for target 'cmTC_92d26' failed
make[1]: *** [cmTC_92d26] Error 1
make[1]: Leaving directory '/home/name-not-found/Dokumente/Bachelorarbeit/Modelcar-111/catkin_ws_user/build/rrt_star/CMakeFiles/CMakeTmp'
Makefile:126: recipe for target 'cmTC_92d26/fast' failed
make: *** [cmTC_92d26/fast] Error 2

File /home/name-not-found/Dokumente/Bachelorarbeit/Modelcar-111/catkin_ws_user/build/rrt_star/CMakeFiles/CMakeTmp/CheckSymbolExists.c:
/* */
#include <pthread.h>

int main(int argc, char** argv)
{
  (void)argv;
#ifndef pthread_create
  return ((int*)(&pthread_create))[argc];
#else
  (void)argc;
  return 0;
#endif
}

Determining if the function pthread_create exists in the pthreads failed with the following output:
Change Dir: /home/name-not-found/Dokumente/Bachelorarbeit/Modelcar-111/catkin_ws_user/build/rrt_star/CMakeFiles/CMakeTmp

Run Build Command:"/usr/bin/make" "cmTC_16e54/fast"
/usr/bin/make -f CMakeFiles/cmTC_16e54.dir/build.make CMakeFiles/cmTC_16e54.dir/build
make[1]: Entering directory '/home/name-not-found/Dokumente/Bachelorarbeit/Modelcar-111/catkin_ws_user/build/rrt_star/CMakeFiles/CMakeTmp'
Building C object CMakeFiles/cmTC_16e54.dir/CheckFunctionExists.c.o
/usr/bin/cc    -DCHECK_FUNCTION_EXISTS=pthread_create   -o CMakeFiles/cmTC_16e54.dir/CheckFunctionExists.c.o   -c /usr/share/cmake-3.5/Modules/CheckFunctionExists.c
Linking C executable cmTC_16e54
/usr/bin/cmake -E cmake_link_script CMakeFiles/cmTC_16e54.dir/link.txt --verbose=1
/usr/bin/cc   -DCHECK_FUNCTION_EXISTS=pthread_create    CMakeFiles/cmTC_16e54.dir/CheckFunctionExists.c.o  -o cmTC_16e54 -rdynamic -lpthreads 
/usr/bin/ld: cannot find -lpthreads
collect2: error: ld returned 1 exit status
CMakeFiles/cmTC_16e54.dir/build.make:97: recipe for target 'cmTC_16e54' failed
make[1]: *** [cmTC_16e54] Error 1
make[1]: Leaving directory '/home/name-not-found/Dokumente/Bachelorarbeit/Modelcar-111/catkin_ws_user/build/rrt_star/CMakeFiles/CMakeTmp'
Makefile:126: recipe for target 'cmTC_16e54/fast' failed
make: *** [cmTC_16e54/fast] Error 2


